<?xml version="1.0" encoding="UTF-8"?>
<testsuite xmlns:xsi="http://www.w3.org/2001/XMLSchema-instance" xsi:noNamespaceSchemaLocation="https://maven.apache.org/surefire/maven-surefire-plugin/xsd/surefire-test-report.xsd" name="br.com.sns_ilab.sns.SnsApplicationTests" time="0.237" tests="1" errors="1" skipped="0" failures="0">
  <properties>
    <property name="java.specification.version" value="17"/>
    <property name="sun.jnu.encoding" value="UTF-8"/>
    <property name="java.class.path" value="/Users/rebeca.ferreira/Desktop/sns/sns-ilab/target/test-classes:/Users/rebeca.ferreira/Desktop/sns/sns-ilab/target/classes:/Users/rebeca.ferreira/.m2/repository/org/springframework/boot/spring-boot-starter-web/2.6.7/spring-boot-starter-web-2.6.7.jar:/Users/rebeca.ferreira/.m2/repository/org/springframework/boot/spring-boot-starter/2.6.7/spring-boot-starter-2.6.7.jar:/Users/rebeca.ferreira/.m2/repository/org/springframework/boot/spring-boot-starter-logging/2.6.7/spring-boot-starter-logging-2.6.7.jar:/Users/rebeca.ferreira/.m2/repository/ch/qos/logback/logback-classic/1.2.11/logback-classic-1.2.11.jar:/Users/rebeca.ferreira/.m2/repository/ch/qos/logback/logback-core/1.2.11/logback-core-1.2.11.jar:/Users/rebeca.ferreira/.m2/repository/org/apache/logging/log4j/log4j-to-slf4j/2.17.2/log4j-to-slf4j-2.17.2.jar:/Users/rebeca.ferreira/.m2/repository/org/apache/logging/log4j/log4j-api/2.17.2/log4j-api-2.17.2.jar:/Users/rebeca.ferreira/.m2/repository/org/slf4j/jul-to-slf4j/1.7.36/jul-to-slf4j-1.7.36.jar:/Users/rebeca.ferreira/.m2/repository/jakarta/annotation/jakarta.annotation-api/1.3.5/jakarta.annotation-api-1.3.5.jar:/Users/rebeca.ferreira/.m2/repository/org/yaml/snakeyaml/1.29/snakeyaml-1.29.jar:/Users/rebeca.ferreira/.m2/repository/org/springframework/boot/spring-boot-starter-json/2.6.7/spring-boot-starter-json-2.6.7.jar:/Users/rebeca.ferreira/.m2/repository/com/fasterxml/jackson/core/jackson-databind/2.9.7/jackson-databind-2.9.7.jar:/Users/rebeca.ferreira/.m2/repository/com/fasterxml/jackson/datatype/jackson-datatype-jdk8/2.9.7/jackson-datatype-jdk8-2.9.7.jar:/Users/rebeca.ferreira/.m2/repository/com/fasterxml/jackson/datatype/jackson-datatype-jsr310/2.9.7/jackson-datatype-jsr310-2.9.7.jar:/Users/rebeca.ferreira/.m2/repository/com/fasterxml/jackson/module/jackson-module-parameter-names/2.13.2/jackson-module-parameter-names-2.13.2.jar:/Users/rebeca.ferreira/.m2/repository/org/springframework/boot/spring-boot-starter-tomcat/2.6.7/spring-boot-starter-tomcat-2.6.7.jar:/Users/rebeca.ferreira/.m2/repository/org/apache/tomcat/embed/tomcat-embed-core/9.0.62/tomcat-embed-core-9.0.62.jar:/Users/rebeca.ferreira/.m2/repository/org/apache/tomcat/embed/tomcat-embed-el/9.0.62/tomcat-embed-el-9.0.62.jar:/Users/rebeca.ferreira/.m2/repository/org/apache/tomcat/embed/tomcat-embed-websocket/9.0.62/tomcat-embed-websocket-9.0.62.jar:/Users/rebeca.ferreira/.m2/repository/org/springframework/spring-web/5.3.19/spring-web-5.3.19.jar:/Users/rebeca.ferreira/.m2/repository/org/springframework/spring-beans/5.3.19/spring-beans-5.3.19.jar:/Users/rebeca.ferreira/.m2/repository/org/springframework/spring-webmvc/5.3.19/spring-webmvc-5.3.19.jar:/Users/rebeca.ferreira/.m2/repository/org/springframework/spring-aop/5.3.19/spring-aop-5.3.19.jar:/Users/rebeca.ferreira/.m2/repository/org/springframework/spring-context/5.3.19/spring-context-5.3.19.jar:/Users/rebeca.ferreira/.m2/repository/org/springframework/spring-expression/5.3.19/spring-expression-5.3.19.jar:/Users/rebeca.ferreira/.m2/repository/software/amazon/awssdk/sns/2.2.0/sns-2.2.0.jar:/Users/rebeca.ferreira/.m2/repository/software/amazon/awssdk/aws-query-protocol/2.2.0/aws-query-protocol-2.2.0.jar:/Users/rebeca.ferreira/.m2/repository/software/amazon/awssdk/protocol-core/2.2.0/protocol-core-2.2.0.jar:/Users/rebeca.ferreira/.m2/repository/software/amazon/awssdk/sdk-core/2.2.0/sdk-core-2.2.0.jar:/Users/rebeca.ferreira/.m2/repository/org/slf4j/slf4j-api/1.7.36/slf4j-api-1.7.36.jar:/Users/rebeca.ferreira/.m2/repository/com/fasterxml/jackson/core/jackson-core/2.9.7/jackson-core-2.9.7.jar:/Users/rebeca.ferreira/.m2/repository/org/reactivestreams/reactive-streams/1.0.3/reactive-streams-1.0.3.jar:/Users/rebeca.ferreira/.m2/repository/software/amazon/awssdk/auth/2.2.0/auth-2.2.0.jar:/Users/rebeca.ferreira/.m2/repository/software/amazon/awssdk/profiles/2.2.0/profiles-2.2.0.jar:/Users/rebeca.ferreira/.m2/repository/software/amazon/flow/1.7/flow-1.7.jar:/Users/rebeca.ferreira/.m2/repository/software/amazon/awssdk/http-client-spi/2.2.0/http-client-spi-2.2.0.jar:/Users/rebeca.ferreira/.m2/repository/software/amazon/awssdk/regions/2.2.0/regions-2.2.0.jar:/Users/rebeca.ferreira/.m2/repository/com/fasterxml/jackson/core/jackson-annotations/2.9.7/jackson-annotations-2.9.7.jar:/Users/rebeca.ferreira/.m2/repository/software/amazon/awssdk/annotations/2.2.0/annotations-2.2.0.jar:/Users/rebeca.ferreira/.m2/repository/software/amazon/awssdk/utils/2.2.0/utils-2.2.0.jar:/Users/rebeca.ferreira/.m2/repository/software/amazon/awssdk/aws-core/2.2.0/aws-core-2.2.0.jar:/Users/rebeca.ferreira/.m2/repository/software/amazon/awssdk/apache-client/2.2.0/apache-client-2.2.0.jar:/Users/rebeca.ferreira/.m2/repository/org/apache/httpcomponents/httpclient/4.5.13/httpclient-4.5.13.jar:/Users/rebeca.ferreira/.m2/repository/commons-codec/commons-codec/1.15/commons-codec-1.15.jar:/Users/rebeca.ferreira/.m2/repository/org/apache/httpcomponents/httpcore/4.4.15/httpcore-4.4.15.jar:/Users/rebeca.ferreira/.m2/repository/software/amazon/awssdk/netty-nio-client/2.2.0/netty-nio-client-2.2.0.jar:/Users/rebeca.ferreira/.m2/repository/io/netty/netty-codec-http/4.1.32.Final/netty-codec-http-4.1.32.Final.jar:/Users/rebeca.ferreira/.m2/repository/io/netty/netty-codec-http2/4.1.32.Final/netty-codec-http2-4.1.32.Final.jar:/Users/rebeca.ferreira/.m2/repository/io/netty/netty-codec/4.1.32.Final/netty-codec-4.1.32.Final.jar:/Users/rebeca.ferreira/.m2/repository/io/netty/netty-transport/4.1.32.Final/netty-transport-4.1.32.Final.jar:/Users/rebeca.ferreira/.m2/repository/io/netty/netty-resolver/4.1.76.Final/netty-resolver-4.1.76.Final.jar:/Users/rebeca.ferreira/.m2/repository/io/netty/netty-common/4.1.32.Final/netty-common-4.1.32.Final.jar:/Users/rebeca.ferreira/.m2/repository/io/netty/netty-buffer/4.1.32.Final/netty-buffer-4.1.32.Final.jar:/Users/rebeca.ferreira/.m2/repository/io/netty/netty-handler/4.1.32.Final/netty-handler-4.1.32.Final.jar:/Users/rebeca.ferreira/.m2/repository/io/netty/netty-transport-native-epoll/4.1.76.Final/netty-transport-native-epoll-4.1.76.Final-linux-x86_64.jar:/Users/rebeca.ferreira/.m2/repository/io/netty/netty-transport-native-unix-common/4.1.76.Final/netty-transport-native-unix-common-4.1.76.Final.jar:/Users/rebeca.ferreira/.m2/repository/io/netty/netty-transport-classes-epoll/4.1.76.Final/netty-transport-classes-epoll-4.1.76.Final.jar:/Users/rebeca.ferreira/.m2/repository/com/typesafe/netty/netty-reactive-streams-http/2.0.0/netty-reactive-streams-http-2.0.0.jar:/Users/rebeca.ferreira/.m2/repository/com/typesafe/netty/netty-reactive-streams/2.0.0/netty-reactive-streams-2.0.0.jar:/Users/rebeca.ferreira/.m2/repository/junit/junit/4.11/junit-4.11.jar:/Users/rebeca.ferreira/.m2/repository/org/hamcrest/hamcrest-core/2.2/hamcrest-core-2.2.jar:/Users/rebeca.ferreira/.m2/repository/org/springframework/boot/spring-boot-devtools/2.6.7/spring-boot-devtools-2.6.7.jar:/Users/rebeca.ferreira/.m2/repository/org/springframework/boot/spring-boot/2.6.7/spring-boot-2.6.7.jar:/Users/rebeca.ferreira/.m2/repository/org/springframework/boot/spring-boot-autoconfigure/2.6.7/spring-boot-autoconfigure-2.6.7.jar:/Users/rebeca.ferreira/.m2/repository/org/springframework/boot/spring-boot-starter-test/2.6.7/spring-boot-starter-test-2.6.7.jar:/Users/rebeca.ferreira/.m2/repository/org/springframework/boot/spring-boot-test/2.6.7/spring-boot-test-2.6.7.jar:/Users/rebeca.ferreira/.m2/repository/org/springframework/boot/spring-boot-test-autoconfigure/2.6.7/spring-boot-test-autoconfigure-2.6.7.jar:/Users/rebeca.ferreira/.m2/repository/com/jayway/jsonpath/json-path/2.6.0/json-path-2.6.0.jar:/Users/rebeca.ferreira/.m2/repository/net/minidev/json-smart/2.4.8/json-smart-2.4.8.jar:/Users/rebeca.ferreira/.m2/repository/net/minidev/accessors-smart/2.4.8/accessors-smart-2.4.8.jar:/Users/rebeca.ferreira/.m2/repository/org/ow2/asm/asm/9.1/asm-9.1.jar:/Users/rebeca.ferreira/.m2/repository/jakarta/xml/bind/jakarta.xml.bind-api/2.3.3/jakarta.xml.bind-api-2.3.3.jar:/Users/rebeca.ferreira/.m2/repository/jakarta/activation/jakarta.activation-api/1.2.2/jakarta.activation-api-1.2.2.jar:/Users/rebeca.ferreira/.m2/repository/org/assertj/assertj-core/3.21.0/assertj-core-3.21.0.jar:/Users/rebeca.ferreira/.m2/repository/org/hamcrest/hamcrest/2.2/hamcrest-2.2.jar:/Users/rebeca.ferreira/.m2/repository/org/junit/jupiter/junit-jupiter/5.8.2/junit-jupiter-5.8.2.jar:/Users/rebeca.ferreira/.m2/repository/org/junit/jupiter/junit-jupiter-api/5.8.2/junit-jupiter-api-5.8.2.jar:/Users/rebeca.ferreira/.m2/repository/org/opentest4j/opentest4j/1.2.0/opentest4j-1.2.0.jar:/Users/rebeca.ferreira/.m2/repository/org/junit/platform/junit-platform-commons/1.8.2/junit-platform-commons-1.8.2.jar:/Users/rebeca.ferreira/.m2/repository/org/apiguardian/apiguardian-api/1.1.2/apiguardian-api-1.1.2.jar:/Users/rebeca.ferreira/.m2/repository/org/junit/jupiter/junit-jupiter-params/5.8.2/junit-jupiter-params-5.8.2.jar:/Users/rebeca.ferreira/.m2/repository/org/junit/jupiter/junit-jupiter-engine/5.8.2/junit-jupiter-engine-5.8.2.jar:/Users/rebeca.ferreira/.m2/repository/org/junit/platform/junit-platform-engine/1.8.2/junit-platform-engine-1.8.2.jar:/Users/rebeca.ferreira/.m2/repository/org/mockito/mockito-core/4.0.0/mockito-core-4.0.0.jar:/Users/rebeca.ferreira/.m2/repository/net/bytebuddy/byte-buddy/1.11.22/byte-buddy-1.11.22.jar:/Users/rebeca.ferreira/.m2/repository/net/bytebuddy/byte-buddy-agent/1.11.22/byte-buddy-agent-1.11.22.jar:/Users/rebeca.ferreira/.m2/repository/org/objenesis/objenesis/3.2/objenesis-3.2.jar:/Users/rebeca.ferreira/.m2/repository/org/mockito/mockito-junit-jupiter/4.0.0/mockito-junit-jupiter-4.0.0.jar:/Users/rebeca.ferreira/.m2/repository/org/skyscreamer/jsonassert/1.5.0/jsonassert-1.5.0.jar:/Users/rebeca.ferreira/.m2/repository/com/vaadin/external/google/android-json/0.0.20131108.vaadin1/android-json-0.0.20131108.vaadin1.jar:/Users/rebeca.ferreira/.m2/repository/org/springframework/spring-core/5.3.19/spring-core-5.3.19.jar:/Users/rebeca.ferreira/.m2/repository/org/springframework/spring-jcl/5.3.19/spring-jcl-5.3.19.jar:/Users/rebeca.ferreira/.m2/repository/org/springframework/spring-test/5.3.19/spring-test-5.3.19.jar:/Users/rebeca.ferreira/.m2/repository/org/xmlunit/xmlunit-core/2.8.4/xmlunit-core-2.8.4.jar:"/>
    <property name="java.vm.vendor" value="Homebrew"/>
    <property name="sun.arch.data.model" value="64"/>
    <property name="java.vendor.url" value="https://github.com/Homebrew/homebrew-core/issues"/>
    <property name="os.name" value="Mac OS X"/>
    <property name="java.vm.specification.version" value="17"/>
    <property name="sun.java.launcher" value="SUN_STANDARD"/>
    <property name="user.country" value="BR"/>
    <property name="sun.boot.library.path" value="/usr/local/Cellar/openjdk/17.0.2/libexec/openjdk.jdk/Contents/Home/lib"/>
    <property name="sun.java.command" value="/Users/rebeca.ferreira/Desktop/sns/sns-ilab/target/surefire/surefirebooter14709718037502727208.jar /Users/rebeca.ferreira/Desktop/sns/sns-ilab/target/surefire 2022-04-26T16-32-49_147-jvmRun1 surefire15349816409639026435tmp surefire_014727551893643921404tmp"/>
    <property name="http.nonProxyHosts" value="local|*.local|169.254/16|*.169.254/16"/>
    <property name="jdk.debug" value="release"/>
    <property name="surefire.test.class.path" value="/Users/rebeca.ferreira/Desktop/sns/sns-ilab/target/test-classes:/Users/rebeca.ferreira/Desktop/sns/sns-ilab/target/classes:/Users/rebeca.ferreira/.m2/repository/org/springframework/boot/spring-boot-starter-web/2.6.7/spring-boot-starter-web-2.6.7.jar:/Users/rebeca.ferreira/.m2/repository/org/springframework/boot/spring-boot-starter/2.6.7/spring-boot-starter-2.6.7.jar:/Users/rebeca.ferreira/.m2/repository/org/springframework/boot/spring-boot-starter-logging/2.6.7/spring-boot-starter-logging-2.6.7.jar:/Users/rebeca.ferreira/.m2/repository/ch/qos/logback/logback-classic/1.2.11/logback-classic-1.2.11.jar:/Users/rebeca.ferreira/.m2/repository/ch/qos/logback/logback-core/1.2.11/logback-core-1.2.11.jar:/Users/rebeca.ferreira/.m2/repository/org/apache/logging/log4j/log4j-to-slf4j/2.17.2/log4j-to-slf4j-2.17.2.jar:/Users/rebeca.ferreira/.m2/repository/org/apache/logging/log4j/log4j-api/2.17.2/log4j-api-2.17.2.jar:/Users/rebeca.ferreira/.m2/repository/org/slf4j/jul-to-slf4j/1.7.36/jul-to-slf4j-1.7.36.jar:/Users/rebeca.ferreira/.m2/repository/jakarta/annotation/jakarta.annotation-api/1.3.5/jakarta.annotation-api-1.3.5.jar:/Users/rebeca.ferreira/.m2/repository/org/yaml/snakeyaml/1.29/snakeyaml-1.29.jar:/Users/rebeca.ferreira/.m2/repository/org/springframework/boot/spring-boot-starter-json/2.6.7/spring-boot-starter-json-2.6.7.jar:/Users/rebeca.ferreira/.m2/repository/com/fasterxml/jackson/core/jackson-databind/2.9.7/jackson-databind-2.9.7.jar:/Users/rebeca.ferreira/.m2/repository/com/fasterxml/jackson/datatype/jackson-datatype-jdk8/2.9.7/jackson-datatype-jdk8-2.9.7.jar:/Users/rebeca.ferreira/.m2/repository/com/fasterxml/jackson/datatype/jackson-datatype-jsr310/2.9.7/jackson-datatype-jsr310-2.9.7.jar:/Users/rebeca.ferreira/.m2/repository/com/fasterxml/jackson/module/jackson-module-parameter-names/2.13.2/jackson-module-parameter-names-2.13.2.jar:/Users/rebeca.ferreira/.m2/repository/org/springframework/boot/spring-boot-starter-tomcat/2.6.7/spring-boot-starter-tomcat-2.6.7.jar:/Users/rebeca.ferreira/.m2/repository/org/apache/tomcat/embed/tomcat-embed-core/9.0.62/tomcat-embed-core-9.0.62.jar:/Users/rebeca.ferreira/.m2/repository/org/apache/tomcat/embed/tomcat-embed-el/9.0.62/tomcat-embed-el-9.0.62.jar:/Users/rebeca.ferreira/.m2/repository/org/apache/tomcat/embed/tomcat-embed-websocket/9.0.62/tomcat-embed-websocket-9.0.62.jar:/Users/rebeca.ferreira/.m2/repository/org/springframework/spring-web/5.3.19/spring-web-5.3.19.jar:/Users/rebeca.ferreira/.m2/repository/org/springframework/spring-beans/5.3.19/spring-beans-5.3.19.jar:/Users/rebeca.ferreira/.m2/repository/org/springframework/spring-webmvc/5.3.19/spring-webmvc-5.3.19.jar:/Users/rebeca.ferreira/.m2/repository/org/springframework/spring-aop/5.3.19/spring-aop-5.3.19.jar:/Users/rebeca.ferreira/.m2/repository/org/springframework/spring-context/5.3.19/spring-context-5.3.19.jar:/Users/rebeca.ferreira/.m2/repository/org/springframework/spring-expression/5.3.19/spring-expression-5.3.19.jar:/Users/rebeca.ferreira/.m2/repository/software/amazon/awssdk/sns/2.2.0/sns-2.2.0.jar:/Users/rebeca.ferreira/.m2/repository/software/amazon/awssdk/aws-query-protocol/2.2.0/aws-query-protocol-2.2.0.jar:/Users/rebeca.ferreira/.m2/repository/software/amazon/awssdk/protocol-core/2.2.0/protocol-core-2.2.0.jar:/Users/rebeca.ferreira/.m2/repository/software/amazon/awssdk/sdk-core/2.2.0/sdk-core-2.2.0.jar:/Users/rebeca.ferreira/.m2/repository/org/slf4j/slf4j-api/1.7.36/slf4j-api-1.7.36.jar:/Users/rebeca.ferreira/.m2/repository/com/fasterxml/jackson/core/jackson-core/2.9.7/jackson-core-2.9.7.jar:/Users/rebeca.ferreira/.m2/repository/org/reactivestreams/reactive-streams/1.0.3/reactive-streams-1.0.3.jar:/Users/rebeca.ferreira/.m2/repository/software/amazon/awssdk/auth/2.2.0/auth-2.2.0.jar:/Users/rebeca.ferreira/.m2/repository/software/amazon/awssdk/profiles/2.2.0/profiles-2.2.0.jar:/Users/rebeca.ferreira/.m2/repository/software/amazon/flow/1.7/flow-1.7.jar:/Users/rebeca.ferreira/.m2/repository/software/amazon/awssdk/http-client-spi/2.2.0/http-client-spi-2.2.0.jar:/Users/rebeca.ferreira/.m2/repository/software/amazon/awssdk/regions/2.2.0/regions-2.2.0.jar:/Users/rebeca.ferreira/.m2/repository/com/fasterxml/jackson/core/jackson-annotations/2.9.7/jackson-annotations-2.9.7.jar:/Users/rebeca.ferreira/.m2/repository/software/amazon/awssdk/annotations/2.2.0/annotations-2.2.0.jar:/Users/rebeca.ferreira/.m2/repository/software/amazon/awssdk/utils/2.2.0/utils-2.2.0.jar:/Users/rebeca.ferreira/.m2/repository/software/amazon/awssdk/aws-core/2.2.0/aws-core-2.2.0.jar:/Users/rebeca.ferreira/.m2/repository/software/amazon/awssdk/apache-client/2.2.0/apache-client-2.2.0.jar:/Users/rebeca.ferreira/.m2/repository/org/apache/httpcomponents/httpclient/4.5.13/httpclient-4.5.13.jar:/Users/rebeca.ferreira/.m2/repository/commons-codec/commons-codec/1.15/commons-codec-1.15.jar:/Users/rebeca.ferreira/.m2/repository/org/apache/httpcomponents/httpcore/4.4.15/httpcore-4.4.15.jar:/Users/rebeca.ferreira/.m2/repository/software/amazon/awssdk/netty-nio-client/2.2.0/netty-nio-client-2.2.0.jar:/Users/rebeca.ferreira/.m2/repository/io/netty/netty-codec-http/4.1.32.Final/netty-codec-http-4.1.32.Final.jar:/Users/rebeca.ferreira/.m2/repository/io/netty/netty-codec-http2/4.1.32.Final/netty-codec-http2-4.1.32.Final.jar:/Users/rebeca.ferreira/.m2/repository/io/netty/netty-codec/4.1.32.Final/netty-codec-4.1.32.Final.jar:/Users/rebeca.ferreira/.m2/repository/io/netty/netty-transport/4.1.32.Final/netty-transport-4.1.32.Final.jar:/Users/rebeca.ferreira/.m2/repository/io/netty/netty-resolver/4.1.76.Final/netty-resolver-4.1.76.Final.jar:/Users/rebeca.ferreira/.m2/repository/io/netty/netty-common/4.1.32.Final/netty-common-4.1.32.Final.jar:/Users/rebeca.ferreira/.m2/repository/io/netty/netty-buffer/4.1.32.Final/netty-buffer-4.1.32.Final.jar:/Users/rebeca.ferreira/.m2/repository/io/netty/netty-handler/4.1.32.Final/netty-handler-4.1.32.Final.jar:/Users/rebeca.ferreira/.m2/repository/io/netty/netty-transport-native-epoll/4.1.76.Final/netty-transport-native-epoll-4.1.76.Final-linux-x86_64.jar:/Users/rebeca.ferreira/.m2/repository/io/netty/netty-transport-native-unix-common/4.1.76.Final/netty-transport-native-unix-common-4.1.76.Final.jar:/Users/rebeca.ferreira/.m2/repository/io/netty/netty-transport-classes-epoll/4.1.76.Final/netty-transport-classes-epoll-4.1.76.Final.jar:/Users/rebeca.ferreira/.m2/repository/com/typesafe/netty/netty-reactive-streams-http/2.0.0/netty-reactive-streams-http-2.0.0.jar:/Users/rebeca.ferreira/.m2/repository/com/typesafe/netty/netty-reactive-streams/2.0.0/netty-reactive-streams-2.0.0.jar:/Users/rebeca.ferreira/.m2/repository/junit/junit/4.11/junit-4.11.jar:/Users/rebeca.ferreira/.m2/repository/org/hamcrest/hamcrest-core/2.2/hamcrest-core-2.2.jar:/Users/rebeca.ferreira/.m2/repository/org/springframework/boot/spring-boot-devtools/2.6.7/spring-boot-devtools-2.6.7.jar:/Users/rebeca.ferreira/.m2/repository/org/springframework/boot/spring-boot/2.6.7/spring-boot-2.6.7.jar:/Users/rebeca.ferreira/.m2/repository/org/springframework/boot/spring-boot-autoconfigure/2.6.7/spring-boot-autoconfigure-2.6.7.jar:/Users/rebeca.ferreira/.m2/repository/org/springframework/boot/spring-boot-starter-test/2.6.7/spring-boot-starter-test-2.6.7.jar:/Users/rebeca.ferreira/.m2/repository/org/springframework/boot/spring-boot-test/2.6.7/spring-boot-test-2.6.7.jar:/Users/rebeca.ferreira/.m2/repository/org/springframework/boot/spring-boot-test-autoconfigure/2.6.7/spring-boot-test-autoconfigure-2.6.7.jar:/Users/rebeca.ferreira/.m2/repository/com/jayway/jsonpath/json-path/2.6.0/json-path-2.6.0.jar:/Users/rebeca.ferreira/.m2/repository/net/minidev/json-smart/2.4.8/json-smart-2.4.8.jar:/Users/rebeca.ferreira/.m2/repository/net/minidev/accessors-smart/2.4.8/accessors-smart-2.4.8.jar:/Users/rebeca.ferreira/.m2/repository/org/ow2/asm/asm/9.1/asm-9.1.jar:/Users/rebeca.ferreira/.m2/repository/jakarta/xml/bind/jakarta.xml.bind-api/2.3.3/jakarta.xml.bind-api-2.3.3.jar:/Users/rebeca.ferreira/.m2/repository/jakarta/activation/jakarta.activation-api/1.2.2/jakarta.activation-api-1.2.2.jar:/Users/rebeca.ferreira/.m2/repository/org/assertj/assertj-core/3.21.0/assertj-core-3.21.0.jar:/Users/rebeca.ferreira/.m2/repository/org/hamcrest/hamcrest/2.2/hamcrest-2.2.jar:/Users/rebeca.ferreira/.m2/repository/org/junit/jupiter/junit-jupiter/5.8.2/junit-jupiter-5.8.2.jar:/Users/rebeca.ferreira/.m2/repository/org/junit/jupiter/junit-jupiter-api/5.8.2/junit-jupiter-api-5.8.2.jar:/Users/rebeca.ferreira/.m2/repository/org/opentest4j/opentest4j/1.2.0/opentest4j-1.2.0.jar:/Users/rebeca.ferreira/.m2/repository/org/junit/platform/junit-platform-commons/1.8.2/junit-platform-commons-1.8.2.jar:/Users/rebeca.ferreira/.m2/repository/org/apiguardian/apiguardian-api/1.1.2/apiguardian-api-1.1.2.jar:/Users/rebeca.ferreira/.m2/repository/org/junit/jupiter/junit-jupiter-params/5.8.2/junit-jupiter-params-5.8.2.jar:/Users/rebeca.ferreira/.m2/repository/org/junit/jupiter/junit-jupiter-engine/5.8.2/junit-jupiter-engine-5.8.2.jar:/Users/rebeca.ferreira/.m2/repository/org/junit/platform/junit-platform-engine/1.8.2/junit-platform-engine-1.8.2.jar:/Users/rebeca.ferreira/.m2/repository/org/mockito/mockito-core/4.0.0/mockito-core-4.0.0.jar:/Users/rebeca.ferreira/.m2/repository/net/bytebuddy/byte-buddy/1.11.22/byte-buddy-1.11.22.jar:/Users/rebeca.ferreira/.m2/repository/net/bytebuddy/byte-buddy-agent/1.11.22/byte-buddy-agent-1.11.22.jar:/Users/rebeca.ferreira/.m2/repository/org/objenesis/objenesis/3.2/objenesis-3.2.jar:/Users/rebeca.ferreira/.m2/repository/org/mockito/mockito-junit-jupiter/4.0.0/mockito-junit-jupiter-4.0.0.jar:/Users/rebeca.ferreira/.m2/repository/org/skyscreamer/jsonassert/1.5.0/jsonassert-1.5.0.jar:/Users/rebeca.ferreira/.m2/repository/com/vaadin/external/google/android-json/0.0.20131108.vaadin1/android-json-0.0.20131108.vaadin1.jar:/Users/rebeca.ferreira/.m2/repository/org/springframework/spring-core/5.3.19/spring-core-5.3.19.jar:/Users/rebeca.ferreira/.m2/repository/org/springframework/spring-jcl/5.3.19/spring-jcl-5.3.19.jar:/Users/rebeca.ferreira/.m2/repository/org/springframework/spring-test/5.3.19/spring-test-5.3.19.jar:/Users/rebeca.ferreira/.m2/repository/org/xmlunit/xmlunit-core/2.8.4/xmlunit-core-2.8.4.jar:"/>
    <property name="sun.cpu.endian" value="little"/>
    <property name="user.home" value="/Users/rebeca.ferreira"/>
    <property name="user.language" value="pt"/>
    <property name="java.specification.vendor" value="Oracle Corporation"/>
    <property name="java.version.date" value="2022-01-18"/>
    <property name="java.home" value="/usr/local/Cellar/openjdk/17.0.2/libexec/openjdk.jdk/Contents/Home"/>
    <property name="file.separator" value="/"/>
    <property name="basedir" value="/Users/rebeca.ferreira/Desktop/sns/sns-ilab"/>
    <property name="java.vm.compressedOopsMode" value="Zero based"/>
    <property name="line.separator" value="&#10;"/>
    <property name="java.specification.name" value="Java Platform API Specification"/>
    <property name="java.vm.specification.vendor" value="Oracle Corporation"/>
    <property name="surefire.real.class.path" value="/Users/rebeca.ferreira/Desktop/sns/sns-ilab/target/surefire/surefirebooter14709718037502727208.jar"/>
    <property name="sun.management.compiler" value="HotSpot 64-Bit Tiered Compilers"/>
    <property name="ftp.nonProxyHosts" value="local|*.local|169.254/16|*.169.254/16"/>
    <property name="java.runtime.version" value="17.0.2+0"/>
    <property name="user.name" value="rebeca.ferreira"/>
    <property name="path.separator" value=":"/>
    <property name="os.version" value="12.2.1"/>
    <property name="java.runtime.name" value="OpenJDK Runtime Environment"/>
    <property name="file.encoding" value="UTF-8"/>
    <property name="java.vm.name" value="OpenJDK 64-Bit Server VM"/>
    <property name="java.vendor.version" value="Homebrew"/>
    <property name="localRepository" value="/Users/rebeca.ferreira/.m2/repository"/>
    <property name="java.vendor.url.bug" value="https://github.com/Homebrew/homebrew-core/issues"/>
    <property name="java.io.tmpdir" value="/var/folders/4s/2nps3mbs6h38d0yjvqzzmnzjzzx5gw/T/"/>
    <property name="java.version" value="17.0.2"/>
    <property name="user.dir" value="/Users/rebeca.ferreira/Desktop/sns/sns-ilab"/>
    <property name="os.arch" value="x86_64"/>
    <property name="java.vm.specification.name" value="Java Virtual Machine Specification"/>
    <property name="native.encoding" value="UTF-8"/>
    <property name="java.library.path" value="/Users/rebeca.ferreira/Library/Java/Extensions:/Library/Java/Extensions:/Network/Library/Java/Extensions:/System/Library/Java/Extensions:/usr/lib/java:."/>
    <property name="java.vm.info" value="mixed mode, sharing"/>
    <property name="java.vendor" value="Homebrew"/>
    <property name="java.vm.version" value="17.0.2+0"/>
    <property name="sun.io.unicode.encoding" value="UnicodeBig"/>
    <property name="socksNonProxyHosts" value="local|*.local|169.254/16|*.169.254/16"/>
    <property name="java.class.version" value="61.0"/>
  </properties>
  <testcase name="br.com.sns_ilab.sns.SnsApplicationTests" classname="br.com.sns_ilab.sns.SnsApplicationTests" time="0.236">
    <error message="Unable to find a @SpringBootConfiguration, you need to use @ContextConfiguration or @SpringBootTest(classes=...) with your test" type="java.lang.IllegalStateException">java.lang.IllegalStateException: Unable to find a @SpringBootConfiguration, you need to use @ContextConfiguration or @SpringBootTest(classes=...) with your test
</error>
    <system-out><![CDATA[16:32:50.040 [main] DEBUG org.springframework.test.context.BootstrapUtils - Instantiating CacheAwareContextLoaderDelegate from class [org.springframework.test.context.cache.DefaultCacheAwareContextLoaderDelegate]
16:32:50.050 [main] DEBUG org.springframework.test.context.BootstrapUtils - Instantiating BootstrapContext using constructor [public org.springframework.test.context.support.DefaultBootstrapContext(java.lang.Class,org.springframework.test.context.CacheAwareContextLoaderDelegate)]
16:32:50.084 [main] DEBUG org.springframework.test.context.BootstrapUtils - Instantiating TestContextBootstrapper for test class [br.com.sns_ilab.sns.SnsApplicationTests] from class [org.springframework.boot.test.context.SpringBootTestContextBootstrapper]
16:32:50.096 [main] INFO org.springframework.boot.test.context.SpringBootTestContextBootstrapper - Neither @ContextConfiguration nor @ContextHierarchy found for test class [br.com.sns_ilab.sns.SnsApplicationTests], using SpringBootContextLoader
16:32:50.100 [main] DEBUG org.springframework.test.context.support.AbstractContextLoader - Did not detect default resource location for test class [br.com.sns_ilab.sns.SnsApplicationTests]: class path resource [br/com/sns_ilab/sns/SnsApplicationTests-context.xml] does not exist
16:32:50.101 [main] DEBUG org.springframework.test.context.support.AbstractContextLoader - Did not detect default resource location for test class [br.com.sns_ilab.sns.SnsApplicationTests]: class path resource [br/com/sns_ilab/sns/SnsApplicationTestsContext.groovy] does not exist
16:32:50.101 [main] INFO org.springframework.test.context.support.AbstractContextLoader - Could not detect default resource locations for test class [br.com.sns_ilab.sns.SnsApplicationTests]: no resource found for suffixes {-context.xml, Context.groovy}.
16:32:50.101 [main] INFO org.springframework.test.context.support.AnnotationConfigContextLoaderUtils - Could not detect default configuration classes for test class [br.com.sns_ilab.sns.SnsApplicationTests]: SnsApplicationTests does not declare any static, non-private, non-final, nested classes annotated with @Configuration.
16:32:50.143 [main] DEBUG org.springframework.test.context.support.ActiveProfilesUtils - Could not find an 'annotation declaring class' for annotation type [org.springframework.test.context.ActiveProfiles] and class [br.com.sns_ilab.sns.SnsApplicationTests]
]]></system-out>
  </testcase>
</testsuite>